<?xml version="1.0" encoding="UTF-8"?>
<!-- Generated by org.testng.reporters.JUnitReportReporter -->
<testsuite hostname="DESKTOP-7US3K35" failures="0" tests="1" name="practise.HowToSkipTestCaseInTestNG" time="0.009" errors="0" timestamp="2022-08-08T18:33:21 IST" skipped="0">
  <testcase classname="practise.HowToSkipTestCaseInTestNG" name="a1" time="0.009"/>
  <system-out/>
</testsuite> <!-- practise.HowToSkipTestCaseInTestNG -->
