<?xml version="1.0" encoding="UTF-8"?>
<!-- Generated by org.testng.reporters.JUnitReportReporter -->
<testsuite hostname="DESKTOP-7US3K35" failures="0" tests="1" name="practise.edge" time="15.926" errors="0" timestamp="2022-08-17T10:44:35 IST" skipped="0">
  <testcase classname="practise.edge" name="setup" time="15.926"/>
  <system-out/>
</testsuite> <!-- practise.edge -->
