<?xml version="1.0" encoding="UTF-8"?>
<!-- Generated by org.testng.reporters.JUnitReportReporter -->
<testsuite hostname="DESKTOP-7US3K35" failures="0" tests="3" name="practise.Demo3b" time="0.008" errors="0" timestamp="2022-04-23T15:18:21 GMT-07:00" skipped="0">
  <testcase classname="practise.Demo3b" name="homepage" time="0.005"/>
  <system-out/>
  <testcase classname="practise.Demo3b" name="PIMUserCreatepage" time="0.002"/>
  <system-out/>
  <testcase classname="practise.Demo3b" name="Searchuser" time="0.001"/>
  <system-out/>
</testsuite> <!-- practise.Demo3b -->
