<?xml version="1.0" encoding="UTF-8"?>
<!-- Generated by org.testng.reporters.JUnitReportReporter -->
<testsuite hostname="DESKTOP-7US3K35" failures="0" tests="4" name="practise.Demo3a" time="0.011" errors="0" timestamp="2022-04-29T22:23:18 GMT-07:00" skipped="0">
  <testcase classname="practise.Demo3a" name="homeFunctionality" time="0.001"/>
  <system-out/>
  <testcase classname="practise.Demo3a" name="loginFunctionality" time="0.008"/>
  <system-out/>
  <testcase classname="practise.Demo3a" name="pimFunctionality" time="0.001"/>
  <system-out/>
  <testcase classname="practise.Demo3a" name="logoutFunctionality" time="0.001"/>
  <system-out/>
</testsuite> <!-- practise.Demo3a -->
