<?xml version="1.0" encoding="UTF-8"?>
<!-- Generated by org.testng.reporters.JUnitReportReporter -->
<testsuite hostname="DESKTOP-7US3K35" failures="0" tests="2" name="Demo1.newDeme" time="24.504" errors="0" timestamp="2022-08-09T14:02:23 IST" skipped="0">
  <testcase classname="Demo1.newDeme" name="edgeDemo" time="10.505"/>
  <system-out/>
  <testcase classname="Demo1.newDeme" name="chromeDemo" time="13.999"/>
  <system-out/>
</testsuite> <!-- Demo1.newDeme -->
