<?xml version="1.0" encoding="UTF-8"?>
<!-- Generated by org.testng.reporters.JUnitReportReporter -->
<testsuite hostname="DESKTOP-7US3K35" failures="0" tests="3" name="practise.Demo" time="0.007" errors="0" timestamp="2022-04-22T15:46:16 GMT-07:00" skipped="0">
  <testcase classname="practise.Demo" name="testa" time="0.003"/>
  <system-out/>
  <testcase classname="practise.Demo" name="testz" time="0.002"/>
  <system-out/>
  <testcase classname="practise.Demo" name="testp" time="0.002"/>
  <system-out/>
</testsuite> <!-- practise.Demo -->
