<?xml version="1.0" encoding="UTF-8"?>
<!-- Generated by org.testng.reporters.JUnitReportReporter -->
<testsuite hostname="DESKTOP-7US3K35" failures="0" tests="2" name="practise.Demo7" time="0.003" errors="0" timestamp="2022-08-08T11:18:50 IST" skipped="0">
  <testcase classname="practise.Demo7" name="xyz" time="0.002"/>
  <system-out/>
  <testcase classname="practise.Demo7" name="abc" time="0.001"/>
  <system-out/>
</testsuite> <!-- practise.Demo7 -->
