<?xml version="1.0" encoding="UTF-8"?>
<!-- Generated by org.testng.reporters.JUnitReportReporter -->
<testsuite hostname="DESKTOP-7US3K35" failures="0" tests="3" name="practise.Demo5" time="37.144" errors="0" timestamp="2022-04-22T23:48:45 GMT-07:00" skipped="0">
  <testcase classname="practise.Demo5" name="homepage" time="9.810"/>
  <system-out/>
  <testcase classname="practise.Demo5" name="pimpage" time="16.481"/>
  <system-out/>
  <testcase classname="practise.Demo5" name="searchPIMUserpage" time="10.853"/>
  <system-out/>
</testsuite> <!-- practise.Demo5 -->
