<?xml version="1.0" encoding="UTF-8"?>
<!-- Generated by org.testng.reporters.JUnitReportReporter -->
<testsuite hostname="DESKTOP-7US3K35" failures="0" tests="2" name="Tutorial1.Demo2" time="0.006" errors="0" timestamp="2022-04-23T15:43:42 GMT-07:00" skipped="0">
  <testcase classname="Tutorial1.Demo2" name="abc" time="0.004"/>
  <system-out/>
  <testcase classname="Tutorial1.Demo2" name="xyz" time="0.002"/>
  <system-out/>
</testsuite> <!-- Tutorial1.Demo2 -->
