<?xml version="1.0" encoding="UTF-8"?>
<!-- Generated by org.testng.reporters.JUnitReportReporter -->
<testsuite hostname="DESKTOP-7US3K35" failures="0" tests="3" name="practise.Demo2" time="0.016" errors="0" timestamp="2022-04-22T20:06:09 GMT-07:00" skipped="0">
  <testcase classname="practise.Demo2" name="search" time="0.011"/>
  <system-out/>
  <testcase classname="practise.Demo2" name="logout" time="0.003"/>
  <system-out/>
  <testcase classname="practise.Demo2" name="login" time="0.002"/>
  <system-out/>
</testsuite> <!-- practise.Demo2 -->
