<?xml version="1.0" encoding="UTF-8"?>
<!-- Generated by org.testng.reporters.JUnitReportReporter -->
<testsuite hostname="DESKTOP-7US3K35" failures="0" tests="2" name="practise.newDeme" time="42.388" errors="0" timestamp="2022-08-09T18:34:57 IST" skipped="0">
  <testcase classname="practise.newDeme" name="chromeDemo" time="22.025"/>
  <system-out/>
  <testcase classname="practise.newDeme" name="edgeDemo" time="20.363"/>
  <system-out/>
</testsuite> <!-- practise.newDeme -->
