<?xml version="1.0" encoding="UTF-8"?>
<!-- Generated by org.testng.reporters.JUnitReportReporter -->
<testsuite hostname="DESKTOP-7US3K35" failures="0" tests="3" name="practise.dataprovider" time="32.548" errors="0" timestamp="2022-08-24T00:35:33 IST" skipped="0">
  <testcase classname="practise.dataprovider" name="set" time="10.995"/>
  <system-out/>
  <testcase classname="practise.dataprovider" name="set" time="13.975"/>
  <system-out/>
  <testcase classname="practise.dataprovider" name="set" time="7.578"/>
  <system-out/>
</testsuite> <!-- practise.dataprovider -->
