<?xml version="1.0" encoding="UTF-8"?>
<!-- Generated by org.testng.reporters.JUnitReportReporter -->
<testsuite hostname="DESKTOP-7US3K35" failures="0" tests="4" name="practise.OrangeHRM" time="2.318" errors="0" timestamp="2022-08-09T18:45:19 IST" skipped="0">
  <testcase classname="practise.OrangeHRM" name="validateHomePagetitle" time="0.057"/>
  <system-out/>
  <testcase classname="practise.OrangeHRM" name="validateUrl" time="0.021"/>
  <system-out/>
  <testcase classname="practise.OrangeHRM" name="validateHomePagelogo" time="0.147"/>
  <system-out/>
  <testcase classname="practise.OrangeHRM" name="validateUserIsOnPIMPage" time="2.093"/>
  <system-out/>
</testsuite> <!-- practise.OrangeHRM -->
