<?xml version="1.0" encoding="UTF-8"?>
<!-- Generated by org.testng.reporters.JUnitReportReporter -->
<testsuite hostname="DESKTOP-7US3K35" failures="0" tests="4" name="practise.demo3" time="17.739" errors="0" timestamp="2022-04-29T22:22:16 GMT-07:00" skipped="0">
  <testcase classname="practise.demo3" name="setup" time="11.616"/>
  <system-out/>
  <testcase classname="practise.demo3" name="loginFunctionality" time="5.898"/>
  <system-out/>
  <testcase classname="practise.demo3" name="verifyTitle" time="0.017"/>
  <system-out/>
  <testcase classname="practise.demo3" name="tearDown" time="0.208"/>
  <system-out/>
</testsuite> <!-- practise.demo3 -->
