<?xml version="1.0" encoding="UTF-8"?>
<!-- Generated by org.testng.reporters.JUnitReportReporter -->
<testsuite hostname="DESKTOP-7US3K35" failures="0" tests="1" name="practise.ExcelSheet" time="0.013" errors="0" timestamp="2022-08-10T12:31:33 IST" skipped="0">
  <testcase classname="practise.ExcelSheet" name="excelSheet" time="0.013"/>
  <system-out/>
</testsuite> <!-- practise.ExcelSheet -->
