<?xml version="1.0" encoding="UTF-8"?>
<!-- Generated by org.testng.reporters.JUnitReportReporter -->
<testsuite hostname="DESKTOP-7US3K35" failures="0" tests="4" name="practise.Demo4" time="0.012" errors="0" timestamp="2022-08-11T22:28:53 IST" skipped="1">
  <testcase classname="practise.Demo4" name="setUpandLogin" time="0.009"/>
  <system-out/>
  <testcase classname="practise.Demo4" name="searchPIMUserpage" time="0.002"/>
  <system-out/>
  <testcase classname="practise.Demo4" name="tearDown" time="0.001"/>
  <system-out/>
  <testcase classname="practise.Demo4" name="homepage">
    <skipped/>
  </testcase> <!-- homepage -->
  <system-out/>
</testsuite> <!-- practise.Demo4 -->
